{
  "RSpec": {
    "coverage": {
      "/Users/dominicmeddick/Documents/Projects/pixie_tech_test/spec/card_spec.rb": {
        "lines": [
          1,
          null,
          1,
          null,
          1,
          1,
          1,
          1,
          null,
          null,
          1,
          1,
          1,
          null,
          null,
          1,
          1,
          1,
          1,
          null,
          null,
          null,
          null,
          null
        ]
      },
      "/Users/dominicmeddick/Documents/Projects/pixie_tech_test/spec/deck_spec.rb": {
        "lines": [
          1,
          null,
          1,
          null,
          1,
          1,
          1,
          null,
          1,
          1,
          4,
          52,
          52,
          52,
          null,
          null,
          1,
          null,
          null,
          1,
          1,
          1,
          1,
          1,
          null,
          null,
          1,
          1,
          1,
          1,
          1,
          null,
          null,
          null
        ]
      },
      "/Users/dominicmeddick/Documents/Projects/pixie_tech_test/spec/features/enter_player_name_spec.rb": {
        "lines": [
          1,
          null,
          null,
          null,
          null,
          null,
          null,
          null
        ]
      },
      "/Users/dominicmeddick/Documents/Projects/pixie_tech_test/spec/game_spec.rb": {
        "lines": [
          1,
          1,
          null,
          1,
          null,
          10,
          null,
          1,
          1,
          1,
          1,
          null,
          null,
          1,
          53,
          1,
          null,
          null,
          1,
          1,
          1,
          null,
          null,
          1,
          1,
          1,
          null,
          null,
          1,
          5,
          1,
          null,
          null,
          1,
          1,
          1,
          null,
          null,
          1,
          1,
          null,
          null,
          1,
          1,
          1,
          1,
          1,
          null,
          null,
          1,
          5,
          1,
          1,
          1,
          4,
          null,
          null,
          null,
          null
        ]
      },
      "/Users/dominicmeddick/Documents/Projects/pixie_tech_test/spec/hand_spec.rb": {
        "lines": [
          1,
          null,
          1,
          null,
          1,
          1,
          1,
          1,
          1,
          null,
          null,
          1,
          1,
          1,
          1,
          1,
          null,
          1,
          1,
          1,
          null,
          1,
          null,
          null,
          null
        ]
      },
      "/Users/dominicmeddick/Documents/Projects/pixie_tech_test/spec/player_spec.rb": {
        "lines": [
          1,
          null,
          1,
          null,
          null
        ]
      }
    },
    "timestamp": 1630253865
  }
}
