{
  "RSpec": {
    "coverage": {
      "/Users/dominicmeddick/Documents/Projects/pixie_tech_test/spec/game_spec.rb": {
        "lines": [
          1,
          1,
          null,
          1,
          null,
          1,
          1,
          null,
          null,
          1,
          1,
          1,
          null,
          null,
          1,
          1,
          1,
          null,
          null,
          1,
          1,
          1,
          1,
          1,
          null,
          null
        ]
      },
      "/Users/dominicmeddick/Documents/Projects/pixie_tech_test/lib/game.rb": {
        "lines": [
          1,
          null,
          1,
          4,
          null,
          null,
          1,
          1,
          null,
          null,
          null,
          1,
          0,
          null,
          null,
          null,
          1,
          1,
          null,
          null
        ]
      },
      "/Users/dominicmeddick/Documents/Projects/pixie_tech_test/lib/player.rb": {
        "lines": [
          1,
          null,
          1,
          null,
          1,
          6,
          6,
          null,
          null,
          null
        ]
      },
      "/Users/dominicmeddick/Documents/Projects/pixie_tech_test/spec/hand_spec.rb": {
        "lines": [

        ]
      },
      "/Users/dominicmeddick/Documents/Projects/pixie_tech_test/spec/player_spec.rb": {
        "lines": [
          1,
          null
        ]
      }
    },
    "timestamp": 1630008023
  }
}
